The HCMV genome (NC_006273.2) has 169 CDS.
Quantitative Statistics of HCMV Sample's TPM
sample	condition	min_tpm	med_tpm	mean_tpm	max_tpm
Donor 1	2dpi	0.0	1932.07	5917.160424260355	81676.4
Donor 1	6dpi	0.0	2276.76	5917.160048309289	126442.0
Donor 3	2dpi	0.0	1908.85	5917.160964497041	243145.0
Donor 3	6dpi	0.0	1192.64	5917.158807902953	324370.0


Differential Gene Expression Between Two Timepoints 2pi and 6pi
target_id test_stat pval qval
NC_006273.2_87 16.8763719236804 3.98951277683483e-05 0.00264814765283409
NC_006273.2_86 15.8548386928664 6.83914384492883e-05 0.00264814765283409
NC_006273.2_78 15.7009896951768 7.41853430831714e-05 0.00264814765283409
NC_006273.2_88 15.5397596524604 8.07880670731407e-05 0.00264814765283409
NC_006273.2_95 15.4824449539062 8.32750834224558e-05 0.00264814765283409
NC_006273.2_100 14.4796207248872 0.000141684112280183 0.00375462897542484
NC_006273.2_99 12.7659438235254 0.000352987440047434 0.00801785756679171
NC_006273.2_124 11.4954287250946 0.000697675638785438 0.0136793275608586
NC_006273.2_68 11.0586599667476 0.000882739196063808 0.0136793275608586
NC_006273.2_35 10.9660939047533 0.000927941525147389 0.0136793275608586
NC_006273.2_121 10.9296600860365 0.00094636857339273 0.0136793275608586
NC_006273.2_37 10.6645190507843 0.0010921024489886 0.0144703574490989
NC_006273.2_123 10.1822740308878 0.00141797195583305 0.0173428877674965
NC_006273.2_161 8.58820698167517 0.00338346988332438 0.0363330431018885
NC_006273.2_148 8.41803478376161 0.00371517143475375 0.0363330431018885
NC_006273.2_67 8.40439906516786 0.00374314109607357 0.0363330431018885
NC_006273.2_69 8.3369551080231 0.00388466498573651 0.0363330431018885
NC_006273.2_81 7.95911641612015 0.00478457657675622 0.0422637597613467
NC_006273.2_149 7.84997376267041 0.0050821444808644 0.042529524866181



Top 10 Blasted Betaherpesviridae
sacc	pident	length	qstart	qend	sstart	send	bitscore	evalue	stitle
NC_006273.2 100.000 201 1 201 135447 136049 414 7.31e-135 NC_006273.2 Human herpesvirus 5 strain Merlin  complete genome
NC_003521.1 95.545 202 1 201 136080 136685 399 9.23e-130 NC_003521.1 Panine herpesvirus 2 strain Heberling  complete genome
NC_012783.2 90.000 200 2 201 123700 124299 382 8.00e-124 NC_012783.2 Cercopithecine herpesvirus 5 strain 2715  complete genome
NC_027016.1 89.500 200 2 201 101390 100791 380 4.84e-123 NC_027016.1 Papio ursinus cytomegalovirus isolate OCOM4-52  complete genome
NC_055235.1 89.000 200 2 201 54634 55233 377 5.43e-122 NC_055235.1 Baboon cytomegalovirus OCOM4-37  complete genome  *** SEQUENCING IN PROGRESS ***  22 unordered pieces
NC_033176.1 90.355 197 1 197 123526 124116 375 1.62e-121 NC_033176.1 Cynomolgus cytomegalovirus isolate 31908  complete genome
NC_016154.1 90.355 197 1 197 118538 119128 375 2.41e-121 NC_016154.1 Cynomolgus macaque cytomegalovirus strain Ottawa  complete genome
NC_006150.1 90.355 197 1 197 124796 125386 374 4.57e-121 NC_006150.1 Macacine herpesvirus 3  complete genome
NC_016447.1 71.212 198 2 199 120212 120805 305 6.96e-97 NC_016447.1 Aotine herpesvirus 1 strain S34E  complete genome
NC_016448.1 68.687 198 2 199 109830 110423 295 2.86e-93 NC_016448.1 Saimiriine herpesvirus 4 strain SqSHV  complete genome
NC_002794.1 55.838 197 2 198 145232 145822 243 2.05e-75 NC_002794.1 Tupaiid herpesvirus 1  complete genome
NC_002512.2 53.266 199 2 200 122191 122787 239 5.51e-74 NC_002512.2 Rat cytomegalovirus Maastricht  complete genome
NC_020231.1 55.851 188 8 195 146614 147177 234 4.28e-72 NC_020231.1 Caviid herpesvirus 2 strain 21222  complete genome
NC_019559.2 49.485 194 2 195 110211 110792 215 1.77e-65 NC_019559.2 Murid herpesvirus 8 isolate England  complete genome
NC_019559.2 32.432 37 1 37 16057 15947 26.9 1.8 NC_019559.2 Murid herpesvirus 8 isolate England  complete genome
NC_004065.1 50.000 188 10 197 134189 134752 211 3.83e-64 NC_004065.1 Murid herpesvirus 1  complete genome
NC_022233.1 48.705 193 2 194 83201 83773 206 1.79e-62 NC_022233.1 Porcine cytomegalovirus strain BJ09  complete genome
NC_001716.2 42.632 190 6 194 96503 97069 164 1.69e-47 NC_001716.2 Human herpesvirus 7  complete genome
NC_000898.1 45.946 185 10 194 100014 100565 163 2.33e-47 NC_000898.1 Human herpesvirus 6B  complete genome
NC_000898.1 36.667 30 33 62 160918 160829 25.8 3.6 NC_000898.1 Human herpesvirus 6B  complete genome
NC_000898.1 36.667 30 33 62 7597 7508 25.8 3.6 NC_000898.1 Human herpesvirus 6B  complete genome
NC_001664.4 45.946 185 10 194 98771 99322 163 2.99e-47 NC_001664.4 Human betaherpesvirus 6A  variant A DNA  complete virion genome  isolate U1102
NC_033620.1 38.947 190 2 191 114340 114906 162 3.93e-47 NC_033620.1 Murine roseolovirus isolate YOK1  complete genome
NC_030200.1 39.000 200 2 201 88843 89436 152 1.09e-43 NC_030200.1 Macaca nemestrina herpesvirus 7  complete genome
NC_030200.1 43.478 23 70 92 112642 112574 24.6 8.9 NC_030200.1 Macaca nemestrina herpesvirus 7  complete genome
NC_024696.1 38.220 191 9 196 40410 39838 142 4.85e-40 NC_024696.1 Elephant endotheliotropic herpesvirus 5 strain Vijay  complete genome
NC_020474.2 37.696 191 9 196 41531 40959 137 1.81e-38 NC_020474.2 Elephantid herpesvirus 1  complete genome
NC_020474.2 30.000 50 115 164 128125 127976 25.8 3.5 NC_020474.2 Elephantid herpesvirus 1  complete genome
NC_028379.1 36.508 189 9 194 155971 156537 129 1.98e-35 NC_028379.1 Elephant endotheliotropic herpesvirus 4 isolate North American NAP69  complete genome

